2026-02-03 18:21:07,341 DEBUG Import direto de models.admindashboard.produto falhou: No module named 'models'
2026-02-03 18:21:07,352 DEBUG Import via import_module falhou: No module named 'models'
2026-02-03 18:21:57,743 DEBUG Login attempt username='Hercules' db_path=C:\Users\cabet\Desktop\kamba\kamba_farma\database\kamba_farma.db
2026-02-03 18:21:58,023 DEBUG Comparing hashes for 'Hercules': given=a665a45920422f9d417e4867efdc4fb8a04a1f3fff1fa07e998e86f7f7a27ae3 stored=a665a45920422f9d417e4867efdc4fb8a04a1f3fff1fa07e998e86f7f7a27ae3
2026-02-03 23:08:35,691 DEBUG Import direto de models.admindashboard.produto falhou: No module named 'models'
2026-02-03 23:08:35,708 DEBUG Import via import_module falhou: No module named 'models'
2026-02-04 01:01:52,596 DEBUG Import direto de models.admindashboard.produto falhou: No module named 'models'
2026-02-04 01:01:52,598 DEBUG Import via import_module falhou: No module named 'models'
2026-02-04 08:28:56,528 DEBUG Import direto de models.admindashboard.produto falhou: No module named 'models'
2026-02-04 08:28:56,701 DEBUG Import via import_module falhou: No module named 'models'
2026-02-04 08:29:36,387 DEBUG Login attempt username='Crisfel' db_path=C:\Users\cabet\Desktop\kamba\kamba_farma\database\kamba_farma.db
2026-02-04 08:29:36,461 DEBUG Comparing hashes for 'Crisfel': given=ef797c8118f02dfb649607dd5d3f8c7623048c9c063d532cc95c5ed7a898a64f stored=ef797c8118f02dfb649607dd5d3f8c7623048c9c063d532cc95c5ed7a898a64f
2026-02-04 08:30:10,926 DEBUG Import direto de models.admindashboard.produto falhou: No module named 'models'
2026-02-04 08:30:10,928 DEBUG Import via import_module falhou: No module named 'models'
2026-02-04 08:30:45,787 DEBUG Login attempt username='Crisfel' db_path=C:\Users\cabet\Desktop\kamba\kamba_farma\database\kamba_farma.db
2026-02-04 08:30:45,789 DEBUG Comparing hashes for 'Crisfel': given=ef797c8118f02dfb649607dd5d3f8c7623048c9c063d532cc95c5ed7a898a64f stored=ef797c8118f02dfb649607dd5d3f8c7623048c9c063d532cc95c5ed7a898a64f
2026-02-04 08:33:25,459 DEBUG Import direto de models.admindashboard.produto falhou: No module named 'models'
2026-02-04 08:33:25,459 DEBUG Import via import_module falhou: No module named 'models'
2026-02-04 08:33:36,616 DEBUG Login attempt username='Crisfel' db_path=C:\Users\cabet\Desktop\kamba\kamba_farma\database\kamba_farma.db
2026-02-04 08:33:36,618 DEBUG Comparing hashes for 'Crisfel': given=ef797c8118f02dfb649607dd5d3f8c7623048c9c063d532cc95c5ed7a898a64f stored=ef797c8118f02dfb649607dd5d3f8c7623048c9c063d532cc95c5ed7a898a64f
2026-02-04 08:34:33,386 DEBUG Import direto de models.admindashboard.produto falhou: No module named 'models'
2026-02-04 08:34:33,387 DEBUG Import via import_module falhou: No module named 'models'
2026-02-04 08:34:44,026 DEBUG Login attempt username='Crisfel' db_path=C:\Users\cabet\Desktop\kamba\kamba_farma\database\kamba_farma.db
2026-02-04 08:34:44,028 DEBUG Comparing hashes for 'Crisfel': given=ef797c8118f02dfb649607dd5d3f8c7623048c9c063d532cc95c5ed7a898a64f stored=ef797c8118f02dfb649607dd5d3f8c7623048c9c063d532cc95c5ed7a898a64f
2026-02-04 08:43:13,052 DEBUG Import direto de models.admindashboard.produto falhou: No module named 'models'
2026-02-04 08:43:13,066 DEBUG Import via import_module falhou: No module named 'models'
2026-02-04 08:43:32,856 DEBUG Login attempt username='Crisfel' db_path=C:\Users\cabet\Desktop\kamba\kamba_farma\database\kamba_farma.db
2026-02-04 08:43:33,194 DEBUG Comparing hashes for 'Crisfel': given=ef797c8118f02dfb649607dd5d3f8c7623048c9c063d532cc95c5ed7a898a64f stored=ef797c8118f02dfb649607dd5d3f8c7623048c9c063d532cc95c5ed7a898a64f
2026-02-04 12:40:54,154 DEBUG Import direto de models.admindashboard.produto falhou: No module named 'models'
2026-02-04 12:40:54,155 DEBUG Import via import_module falhou: No module named 'models'
2026-02-04 12:47:01,952 DEBUG Import direto de models.admindashboard.produto falhou: No module named 'models'
2026-02-04 12:47:01,961 DEBUG Import via import_module falhou: No module named 'models'
2026-02-04 12:48:18,681 DEBUG Import direto de models.admindashboard.produto falhou: No module named 'models'
2026-02-04 12:48:18,697 DEBUG Import via import_module falhou: No module named 'models'
2026-02-04 12:52:30,196 DEBUG Import direto de models.admindashboard.produto falhou: No module named 'models'
2026-02-04 12:52:30,196 DEBUG Import via import_module falhou: No module named 'models'
2026-02-04 14:05:11,528 DEBUG Import direto de models.admindashboard.produto falhou: No module named 'models'
2026-02-04 14:05:11,550 DEBUG Import via import_module falhou: No module named 'models'
2026-02-04 16:20:45,572 DEBUG Import direto de models.admindashboard.produto falhou: No module named 'models'
2026-02-04 16:20:45,572 DEBUG Import via import_module falhou: No module named 'models'
2026-02-04 16:20:45,621 DEBUG Import from file falhou: No module named 'config'
2026-02-04 17:13:40,720 DEBUG Import direto de models.admindashboard.produto falhou: No module named 'models'
2026-02-04 17:13:40,808 DEBUG Import via import_module falhou: No module named 'models'
2026-02-04 17:17:16,555 DEBUG Import direto de models.admindashboard.produto falhou: No module named 'models'
2026-02-04 17:17:16,556 DEBUG Import via import_module falhou: No module named 'models'
2026-02-04 17:20:04,676 DEBUG Import direto de models.admindashboard.produto falhou: No module named 'models'
2026-02-04 17:20:04,677 DEBUG Import via import_module falhou: No module named 'models'
2026-02-04 17:26:35,039 DEBUG Import direto de models.admindashboard.produto falhou: No module named 'models'
2026-02-04 17:26:35,083 DEBUG Import via import_module falhou: No module named 'models'
2026-02-04 17:44:26,219 DEBUG Import direto de models.admindashboard.produto falhou: No module named 'models'
2026-02-04 17:44:26,238 DEBUG Import via import_module falhou: No module named 'models'
2026-02-04 17:47:36,896 DEBUG Import direto de models.admindashboard.produto falhou: No module named 'models'
2026-02-04 17:47:36,897 DEBUG Import via import_module falhou: No module named 'models'
2026-02-04 21:38:18,367 DEBUG Import direto de models.admindashboard.produto falhou: No module named 'models'
2026-02-04 21:38:18,377 DEBUG Import via import_module falhou: No module named 'models'
2026-02-04 21:58:03,658 DEBUG Import direto de models.admindashboard.produto falhou: No module named 'models'
2026-02-04 21:58:03,670 DEBUG Import via import_module falhou: No module named 'models'
2026-02-04 22:01:50,569 DEBUG Import direto de models.admindashboard.produto falhou: No module named 'models'
2026-02-04 22:01:50,570 DEBUG Import via import_module falhou: No module named 'models'
2026-02-04 22:15:06,453 DEBUG Import direto de models.admindashboard.produto falhou: No module named 'models'
2026-02-04 22:15:06,454 DEBUG Import via import_module falhou: No module named 'models'
2026-02-04 22:23:16,915 DEBUG Import direto de models.admindashboard.produto falhou: No module named 'models'
2026-02-04 22:23:16,916 DEBUG Import via import_module falhou: No module named 'models'
2026-02-04 22:30:35,824 DEBUG Import direto de models.admindashboard.produto falhou: No module named 'models'
2026-02-04 22:30:35,826 DEBUG Import via import_module falhou: No module named 'models'
2026-02-04 22:34:04,106 DEBUG Import direto de models.admindashboard.produto falhou: No module named 'models'
2026-02-04 22:34:04,106 DEBUG Import via import_module falhou: No module named 'models'
2026-02-04 22:40:06,244 DEBUG Import direto de models.admindashboard.produto falhou: No module named 'models'
2026-02-04 22:40:06,245 DEBUG Import via import_module falhou: No module named 'models'
2026-02-04 22:40:57,241 DEBUG Import direto de models.admindashboard.produto falhou: No module named 'models'
2026-02-04 22:40:57,242 DEBUG Import via import_module falhou: No module named 'models'
2026-02-04 22:41:00,168 DEBUG Import direto de models.admindashboard.produto falhou: No module named 'models'
2026-02-04 22:41:00,169 DEBUG Import via import_module falhou: No module named 'models'
2026-02-04 22:42:20,590 DEBUG Import direto de models.admindashboard.produto falhou: No module named 'models'
2026-02-04 22:42:20,590 DEBUG Import via import_module falhou: No module named 'models'
2026-02-04 22:43:03,644 DEBUG Import direto de models.admindashboard.produto falhou: No module named 'models'
2026-02-04 22:43:03,645 DEBUG Import via import_module falhou: No module named 'models'
2026-02-04 22:44:00,473 DEBUG Import direto de models.admindashboard.produto falhou: No module named 'models'
2026-02-04 22:44:00,474 DEBUG Import via import_module falhou: No module named 'models'
2026-02-04 22:45:09,980 DEBUG Import direto de models.admindashboard.produto falhou: No module named 'models'
2026-02-04 22:45:09,981 DEBUG Import via import_module falhou: No module named 'models'
2026-02-04 22:46:06,112 DEBUG Import direto de models.admindashboard.produto falhou: No module named 'models'
2026-02-04 22:46:06,112 DEBUG Import via import_module falhou: No module named 'models'
2026-02-04 22:46:45,183 DEBUG Import direto de models.admindashboard.produto falhou: No module named 'models'
2026-02-04 22:46:45,185 DEBUG Import via import_module falhou: No module named 'models'
2026-02-04 23:01:06,848 DEBUG Import direto de models.admindashboard.produto falhou: No module named 'models'
2026-02-04 23:01:06,869 DEBUG Import via import_module falhou: No module named 'models'
2026-02-04 23:03:10,957 DEBUG Import direto de models.admindashboard.produto falhou: No module named 'models'
2026-02-04 23:03:10,958 DEBUG Import via import_module falhou: No module named 'models'
